15:45:28  [main] 	Initializing Control Panel
15:45:28  [main] 	Windows Version:  Home  64-bit
15:45:28  [main] 	XAMPP Version: 5.6.40
15:45:28  [main] 	Control Panel Version: 3.2.3  [ Compiled: Mar 7th 2019 ]
15:45:28  [main] 	You are not running with administrator rights! This will work for
15:45:28  [main] 	most application stuff but whenever you do something with services
15:45:28  [main] 	there will be a security dialogue or things will break! So think 
15:45:28  [main] 	about running this application with administrator rights!
15:45:28  [main] 	XAMPP Installation Directory: "d:\projects\"
15:45:28  [main] 	Checking for prerequisites
15:45:28  [main] 	All prerequisites found
15:45:28  [main] 	Initializing Modules
15:45:28  [main] 	The Mercury module is disabled
15:45:28  [main] 	The Tomcat module is disabled
15:45:28  [main] 	Starting Check-Timer
15:45:28  [main] 	Control Panel Ready
15:45:50  [Apache] 	Attempting to start Apache app...
15:45:50  [Apache] 	Status change detected: running
15:45:51  [mysql] 	Attempting to start MySQL app...
15:45:51  [mysql] 	Status change detected: running
15:53:33  [Apache] 	Attempting to stop Apache (PID: 23048)
15:53:33  [Apache] 	Attempting to stop Apache (PID: 2696)
15:53:33  [Apache] 	Status change detected: stopped
15:53:33  [mysql] 	Attempting to stop MySQL app...
15:53:33  [mysql] 	Status change detected: stopped
15:53:34  [Apache] 	Attempting to start Apache app...
15:53:35  [Apache] 	Status change detected: running
15:53:36  [mysql] 	Attempting to start MySQL app...
15:53:36  [mysql] 	Status change detected: running
16:15:05  [mysql] 	Attempting to stop MySQL app...
16:15:06  [mysql] 	Status change detected: stopped
16:15:06  [Apache] 	Attempting to stop Apache (PID: 29688)
16:15:06  [Apache] 	Attempting to stop Apache (PID: 1724)
16:15:06  [Apache] 	Status change detected: stopped
16:15:16  [main] 	Deinitializing Modules
16:15:16  [main] 	Deinitializing Control Panel

17:06:10  [main] 	Initializing Control Panel
17:06:10  [main] 	Windows Version:  Home  64-bit
17:06:10  [main] 	XAMPP Version: 5.6.40
17:06:10  [main] 	Control Panel Version: 3.2.3  [ Compiled: Mar 7th 2019 ]
17:06:10  [main] 	You are not running with administrator rights! This will work for
17:06:10  [main] 	most application stuff but whenever you do something with services
17:06:10  [main] 	there will be a security dialogue or things will break! So think 
17:06:10  [main] 	about running this application with administrator rights!
17:06:10  [main] 	XAMPP Installation Directory: "d:\projects\"
17:06:10  [main] 	Checking for prerequisites
17:06:10  [main] 	All prerequisites found
17:06:10  [main] 	Initializing Modules
17:06:10  [main] 	The Mercury module is disabled
17:06:10  [main] 	The Tomcat module is disabled
17:06:10  [main] 	Starting Check-Timer
17:06:10  [main] 	Control Panel Ready
17:06:12  [Apache] 	Attempting to start Apache app...
17:06:12  [Apache] 	Status change detected: running
17:06:12  [mysql] 	Attempting to start MySQL app...
17:06:12  [mysql] 	Status change detected: running
17:40:00  [mysql] 	Attempting to stop MySQL app...
17:40:01  [mysql] 	Status change detected: stopped
17:40:01  [Apache] 	Attempting to stop Apache (PID: 13104)
17:40:01  [Apache] 	Attempting to stop Apache (PID: 20936)
17:40:01  [Apache] 	Status change detected: stopped
17:40:33  [main] 	Deinitializing Modules
17:40:33  [main] 	Deinitializing Control Panel

13:34:53  [main] 	Initializing Control Panel
13:34:53  [main] 	Windows Version:  Home  64-bit
13:34:53  [main] 	XAMPP Version: 5.6.40
13:34:53  [main] 	Control Panel Version: 3.2.3  [ Compiled: Mar 7th 2019 ]
13:34:53  [main] 	You are not running with administrator rights! This will work for
13:34:53  [main] 	most application stuff but whenever you do something with services
13:34:53  [main] 	there will be a security dialogue or things will break! So think 
13:34:53  [main] 	about running this application with administrator rights!
13:34:53  [main] 	XAMPP Installation Directory: "d:\projects\"
13:34:53  [main] 	Checking for prerequisites
13:34:53  [main] 	All prerequisites found
13:34:53  [main] 	Initializing Modules
13:34:53  [main] 	The Mercury module is disabled
13:34:53  [main] 	The Tomcat module is disabled
13:34:53  [main] 	Starting Check-Timer
13:34:53  [main] 	Control Panel Ready
13:34:54  [mysql] 	Attempting to start MySQL app...
13:34:55  [mysql] 	Status change detected: running
13:34:55  [Apache] 	Attempting to start Apache app...
13:34:55  [Apache] 	Status change detected: running
15:02:29  [mysql] 	Attempting to stop MySQL app...
15:02:29  [mysql] 	Status change detected: stopped
15:02:29  [Apache] 	Attempting to stop Apache (PID: 29980)
15:02:29  [Apache] 	Attempting to stop Apache (PID: 29348)
15:02:29  [Apache] 	Status change detected: stopped
16:34:52  [main] 	Deinitializing Modules
16:34:52  [main] 	Deinitializing Control Panel

12:54:51  [main] 	Initializing Control Panel
12:54:51  [main] 	Windows Version:  Home  64-bit
12:54:51  [main] 	XAMPP Version: 5.6.40
12:54:51  [main] 	Control Panel Version: 3.2.3  [ Compiled: Mar 7th 2019 ]
12:54:51  [main] 	You are not running with administrator rights! This will work for
12:54:51  [main] 	most application stuff but whenever you do something with services
12:54:51  [main] 	there will be a security dialogue or things will break! So think 
12:54:51  [main] 	about running this application with administrator rights!
12:54:51  [main] 	XAMPP Installation Directory: "d:\projects\"
12:54:51  [main] 	Checking for prerequisites
12:54:51  [main] 	All prerequisites found
12:54:51  [main] 	Initializing Modules
12:54:51  [main] 	The Mercury module is disabled
12:54:51  [main] 	The Tomcat module is disabled
12:54:51  [main] 	Starting Check-Timer
12:54:51  [main] 	Control Panel Ready
12:54:53  [Apache] 	Attempting to start Apache app...
12:54:53  [Apache] 	Status change detected: running
12:54:53  [mysql] 	Attempting to start MySQL app...
12:54:54  [mysql] 	Status change detected: running
13:34:36  [mysql] 	Attempting to stop MySQL app...
13:34:36  [mysql] 	Status change detected: stopped
13:34:37  [Apache] 	Attempting to stop Apache (PID: 21784)
13:34:37  [Apache] 	Attempting to stop Apache (PID: 20884)
13:34:37  [Apache] 	Status change detected: stopped
13:34:55  [Apache] 	Status change detected: running
13:34:55  [mysql] 	Status change detected: running
15:02:29  [mysql] 	Status change detected: stopped
15:02:29  [Apache] 	Status change detected: stopped
16:34:52  [main] 	Deinitializing Modules
16:34:52  [main] 	Deinitializing Control Panel

22:27:50  [main] 	Initializing Control Panel
22:27:50  [main] 	Windows Version:  Home  64-bit
22:27:50  [main] 	XAMPP Version: 5.6.40
22:27:50  [main] 	Control Panel Version: 3.2.3  [ Compiled: Mar 7th 2019 ]
22:27:50  [main] 	You are not running with administrator rights! This will work for
22:27:50  [main] 	most application stuff but whenever you do something with services
22:27:50  [main] 	there will be a security dialogue or things will break! So think 
22:27:50  [main] 	about running this application with administrator rights!
22:27:50  [main] 	XAMPP Installation Directory: "d:\projects\"
22:27:50  [main] 	Checking for prerequisites
22:27:50  [main] 	All prerequisites found
22:27:50  [main] 	Initializing Modules
22:27:50  [main] 	The Mercury module is disabled
22:27:50  [main] 	The Tomcat module is disabled
22:27:50  [main] 	Starting Check-Timer
22:27:50  [main] 	Control Panel Ready
22:27:52  [Apache] 	Attempting to start Apache app...
22:27:52  [Apache] 	Status change detected: running
22:27:52  [mysql] 	Attempting to start MySQL app...
22:27:53  [mysql] 	Status change detected: running
22:57:55  [mysql] 	Attempting to stop MySQL app...
22:57:55  [mysql] 	Status change detected: stopped
22:57:55  [Apache] 	Attempting to stop Apache (PID: 4452)
22:57:55  [Apache] 	Attempting to stop Apache (PID: 30144)
22:57:56  [Apache] 	Status change detected: stopped
22:58:41  [main] 	Deinitializing Modules
22:58:41  [main] 	Deinitializing Control Panel

15:13:22  [main] 	Initializing Control Panel
15:13:22  [main] 	Windows Version:  Home  64-bit
15:13:22  [main] 	XAMPP Version: 5.6.40
15:13:22  [main] 	Control Panel Version: 3.2.3  [ Compiled: Mar 7th 2019 ]
15:13:22  [main] 	You are not running with administrator rights! This will work for
15:13:22  [main] 	most application stuff but whenever you do something with services
15:13:22  [main] 	there will be a security dialogue or things will break! So think 
15:13:22  [main] 	about running this application with administrator rights!
15:13:22  [main] 	XAMPP Installation Directory: "d:\projects\"
15:13:22  [main] 	Checking for prerequisites
15:13:22  [main] 	All prerequisites found
15:13:22  [main] 	Initializing Modules
15:13:22  [main] 	The Mercury module is disabled
15:13:22  [main] 	The Tomcat module is disabled
15:13:22  [main] 	Starting Check-Timer
15:13:22  [main] 	Control Panel Ready
15:13:24  [mysql] 	Attempting to start MySQL app...
15:13:24  [mysql] 	Status change detected: running
15:13:24  [Apache] 	Attempting to start Apache app...
15:13:24  [Apache] 	Status change detected: running
15:42:31  [mysql] 	Attempting to stop MySQL app...
15:42:31  [Apache] 	Attempting to stop Apache (PID: 17268)
15:42:31  [Apache] 	Attempting to stop Apache (PID: 23400)
15:42:31  [Apache] 	Status change detected: stopped
15:42:31  [mysql] 	Status change detected: stopped
15:42:56  [main] 	Deinitializing Modules
15:42:56  [main] 	Deinitializing Control Panel

22:08:34  [main] 	Initializing Control Panel
22:08:34  [main] 	Windows Version:  Home  64-bit
22:08:34  [main] 	XAMPP Version: 5.6.40
22:08:34  [main] 	Control Panel Version: 3.2.3  [ Compiled: Mar 7th 2019 ]
22:08:34  [main] 	You are not running with administrator rights! This will work for
22:08:34  [main] 	most application stuff but whenever you do something with services
22:08:34  [main] 	there will be a security dialogue or things will break! So think 
22:08:34  [main] 	about running this application with administrator rights!
22:08:34  [main] 	XAMPP Installation Directory: "d:\projects\"
22:08:34  [main] 	Checking for prerequisites
22:08:34  [main] 	All prerequisites found
22:08:34  [main] 	Initializing Modules
22:08:34  [main] 	The Mercury module is disabled
22:08:34  [main] 	The Tomcat module is disabled
22:08:34  [main] 	Starting Check-Timer
22:08:34  [main] 	Control Panel Ready
22:08:36  [Apache] 	Attempting to start Apache app...
22:08:36  [Apache] 	Status change detected: running
22:08:37  [mysql] 	Attempting to start MySQL app...
22:08:37  [mysql] 	Status change detected: running
23:03:00  [mysql] 	Attempting to stop MySQL app...
23:03:01  [Apache] 	Attempting to stop Apache (PID: 10416)
23:03:01  [Apache] 	Attempting to stop Apache (PID: 16460)
23:03:01  [Apache] 	Status change detected: stopped
23:03:01  [mysql] 	Status change detected: stopped
23:03:48  [main] 	Deinitializing Modules
23:03:48  [main] 	Deinitializing Control Panel

23:50:35  [main] 	Initializing Control Panel
23:50:35  [main] 	Windows Version:  Home  64-bit
23:50:35  [main] 	XAMPP Version: 5.6.40
23:50:35  [main] 	Control Panel Version: 3.2.3  [ Compiled: Mar 7th 2019 ]
23:50:35  [main] 	You are not running with administrator rights! This will work for
23:50:35  [main] 	most application stuff but whenever you do something with services
23:50:35  [main] 	there will be a security dialogue or things will break! So think 
23:50:35  [main] 	about running this application with administrator rights!
23:50:35  [main] 	XAMPP Installation Directory: "d:\projects\"
23:50:35  [main] 	Checking for prerequisites
23:50:35  [main] 	All prerequisites found
23:50:35  [main] 	Initializing Modules
23:50:35  [main] 	The Mercury module is disabled
23:50:35  [main] 	The Tomcat module is disabled
23:50:35  [main] 	Starting Check-Timer
23:50:35  [main] 	Control Panel Ready
23:50:36  [Apache] 	Attempting to start Apache app...
23:50:36  [Apache] 	Status change detected: running
23:50:37  [mysql] 	Attempting to start MySQL app...
23:50:37  [mysql] 	Status change detected: running
23:57:14  [Apache] 	Attempting to stop Apache (PID: 15300)
23:57:14  [Apache] 	Attempting to stop Apache (PID: 16528)
23:57:15  [Apache] 	Status change detected: stopped
23:57:15  [mysql] 	Attempting to stop MySQL app...
23:57:15  [mysql] 	Status change detected: stopped
00:32:30  [main] 	Deinitializing Modules
00:32:30  [main] 	Deinitializing Control Panel

21:28:43  [main] 	Initializing Control Panel
21:28:43  [main] 	Windows Version:  Home  64-bit
21:28:43  [main] 	XAMPP Version: 5.6.40
21:28:43  [main] 	Control Panel Version: 3.2.3  [ Compiled: Mar 7th 2019 ]
21:28:43  [main] 	You are not running with administrator rights! This will work for
21:28:43  [main] 	most application stuff but whenever you do something with services
21:28:43  [main] 	there will be a security dialogue or things will break! So think 
21:28:43  [main] 	about running this application with administrator rights!
21:28:43  [main] 	XAMPP Installation Directory: "d:\projects\"
21:28:43  [main] 	Checking for prerequisites
21:28:44  [main] 	All prerequisites found
21:28:44  [main] 	Initializing Modules
21:28:44  [main] 	The Mercury module is disabled
21:28:44  [main] 	The Tomcat module is disabled
21:28:44  [main] 	Starting Check-Timer
21:28:44  [main] 	Control Panel Ready
21:28:45  [mysql] 	Attempting to start MySQL app...
21:28:46  [Apache] 	Attempting to start Apache app...
21:28:46  [Apache] 	Status change detected: running
21:28:46  [mysql] 	Status change detected: running
22:16:01  [mysql] 	Attempting to stop MySQL app...
22:16:01  [mysql] 	Status change detected: stopped
22:16:02  [Apache] 	Attempting to stop Apache (PID: 13804)
22:16:02  [Apache] 	Attempting to stop Apache (PID: 4136)
22:16:02  [Apache] 	Status change detected: stopped
01:00:16  [main] 	Deinitializing Modules
01:00:16  [main] 	Deinitializing Control Panel

19:03:45  [main] 	Initializing Control Panel
19:03:45  [main] 	Windows Version:  Home  64-bit
19:03:45  [main] 	XAMPP Version: 5.6.40
19:03:45  [main] 	Control Panel Version: 3.2.3  [ Compiled: Mar 7th 2019 ]
19:03:45  [main] 	You are not running with administrator rights! This will work for
19:03:45  [main] 	most application stuff but whenever you do something with services
19:03:45  [main] 	there will be a security dialogue or things will break! So think 
19:03:45  [main] 	about running this application with administrator rights!
19:03:45  [main] 	XAMPP Installation Directory: "d:\projects\"
19:03:45  [main] 	Checking for prerequisites
19:03:45  [main] 	All prerequisites found
19:03:45  [main] 	Initializing Modules
19:03:45  [main] 	The Mercury module is disabled
19:03:45  [main] 	The Tomcat module is disabled
19:03:45  [main] 	Starting Check-Timer
19:03:45  [main] 	Control Panel Ready
19:03:47  [mysql] 	Attempting to start MySQL app...
19:03:48  [mysql] 	Status change detected: running
19:03:51  [Apache] 	Attempting to start Apache app...
19:03:52  [Apache] 	Status change detected: running
23:13:36  [mysql] 	Attempting to stop MySQL app...
23:13:36  [mysql] 	Status change detected: stopped
23:13:36  [Apache] 	Attempting to stop Apache (PID: 304)
23:13:36  [Apache] 	Attempting to stop Apache (PID: 20092)
23:13:36  [Apache] 	Status change detected: stopped
23:14:00  [main] 	Deinitializing Modules
23:14:00  [main] 	Deinitializing Control Panel

19:37:13  [main] 	Initializing Control Panel
19:37:13  [main] 	Windows Version:  Home  64-bit
19:37:13  [main] 	XAMPP Version: 5.6.40
19:37:13  [main] 	Control Panel Version: 3.2.3  [ Compiled: Mar 7th 2019 ]
19:37:13  [main] 	You are not running with administrator rights! This will work for
19:37:13  [main] 	most application stuff but whenever you do something with services
19:37:13  [main] 	there will be a security dialogue or things will break! So think 
19:37:13  [main] 	about running this application with administrator rights!
19:37:13  [main] 	XAMPP Installation Directory: "d:\projects\"
19:37:13  [main] 	Checking for prerequisites
19:37:13  [main] 	All prerequisites found
19:37:13  [main] 	Initializing Modules
19:37:13  [main] 	The Mercury module is disabled
19:37:13  [main] 	The Tomcat module is disabled
19:37:13  [main] 	Starting Check-Timer
19:37:13  [main] 	Control Panel Ready
19:37:15  [mysql] 	Attempting to start MySQL app...
19:37:15  [mysql] 	Status change detected: running
19:37:16  [Apache] 	Attempting to start Apache app...
19:37:16  [Apache] 	Status change detected: running
23:40:44  [mysql] 	Attempting to stop MySQL app...
23:40:44  [mysql] 	Status change detected: stopped
23:40:44  [Apache] 	Attempting to stop Apache (PID: 25180)
23:40:44  [Apache] 	Attempting to stop Apache (PID: 22328)
23:40:44  [Apache] 	Status change detected: stopped
23:40:59  [main] 	Deinitializing Modules
23:40:59  [main] 	Deinitializing Control Panel

19:12:40  [main] 	Initializing Control Panel
19:12:40  [main] 	Windows Version:  Home  64-bit
19:12:40  [main] 	XAMPP Version: 5.6.40
19:12:40  [main] 	Control Panel Version: 3.2.3  [ Compiled: Mar 7th 2019 ]
19:12:40  [main] 	You are not running with administrator rights! This will work for
19:12:40  [main] 	most application stuff but whenever you do something with services
19:12:40  [main] 	there will be a security dialogue or things will break! So think 
19:12:40  [main] 	about running this application with administrator rights!
19:12:40  [main] 	XAMPP Installation Directory: "d:\projects\"
19:12:40  [main] 	Checking for prerequisites
19:12:40  [main] 	All prerequisites found
19:12:40  [main] 	Initializing Modules
19:12:40  [main] 	The Mercury module is disabled
19:12:40  [main] 	The Tomcat module is disabled
19:12:40  [main] 	Starting Check-Timer
19:12:40  [main] 	Control Panel Ready
19:12:42  [mysql] 	Attempting to start MySQL app...
19:12:42  [mysql] 	Status change detected: running
19:12:42  [Apache] 	Attempting to start Apache app...
19:12:43  [Apache] 	Status change detected: running
21:20:04  [mysql] 	Attempting to stop MySQL app...
21:20:04  [mysql] 	Status change detected: stopped
21:20:04  [Apache] 	Attempting to stop Apache (PID: 27092)
21:20:04  [Apache] 	Attempting to stop Apache (PID: 14064)
21:20:05  [Apache] 	Status change detected: stopped
23:59:33  [main] 	Deinitializing Modules
23:59:33  [main] 	Deinitializing Control Panel

23:34:06  [main] 	Initializing Control Panel
23:34:06  [main] 	Windows Version:  Home  64-bit
23:34:06  [main] 	XAMPP Version: 5.6.40
23:34:06  [main] 	Control Panel Version: 3.2.3  [ Compiled: Mar 7th 2019 ]
23:34:06  [main] 	You are not running with administrator rights! This will work for
23:34:06  [main] 	most application stuff but whenever you do something with services
23:34:06  [main] 	there will be a security dialogue or things will break! So think 
23:34:06  [main] 	about running this application with administrator rights!
23:34:06  [main] 	XAMPP Installation Directory: "d:\projects\"
23:34:06  [main] 	Checking for prerequisites
23:34:06  [main] 	All prerequisites found
23:34:06  [main] 	Initializing Modules
23:34:06  [main] 	The Mercury module is disabled
23:34:06  [main] 	The Tomcat module is disabled
23:34:06  [main] 	Starting Check-Timer
23:34:06  [main] 	Control Panel Ready
23:34:20  [Apache] 	Status change detected: running
23:34:20  [mysql] 	Status change detected: running
01:50:13  [mysql] 	Status change detected: stopped
01:50:13  [mysql] 	Error: MySQL shutdown unexpectedly.
01:50:13  [mysql] 	This may be due to a blocked port, missing dependencies, 
01:50:13  [mysql] 	improper privileges, a crash, or a shutdown by another method.
01:50:13  [mysql] 	Press the Logs button to view error logs and check
01:50:13  [mysql] 	the Windows Event Viewer for more clues
01:50:13  [mysql] 	If you need more help, copy and post this
01:50:13  [mysql] 	entire log window on the forums
01:50:14  [Apache] 	Status change detected: stopped
01:50:14  [Apache] 	Error: Apache shutdown unexpectedly.
01:50:14  [Apache] 	This may be due to a blocked port, missing dependencies, 
01:50:14  [Apache] 	improper privileges, a crash, or a shutdown by another method.
01:50:14  [Apache] 	Press the Logs button to view error logs and check
01:50:14  [Apache] 	the Windows Event Viewer for more clues
01:50:14  [Apache] 	If you need more help, copy and post this
01:50:14  [Apache] 	entire log window on the forums
02:00:20  [main] 	Deinitializing Modules
02:00:20  [main] 	Deinitializing Control Panel

11:54:36  [main] 	Initializing Control Panel
11:54:36  [main] 	Windows Version:  Home  64-bit
11:54:36  [main] 	XAMPP Version: 5.6.40
11:54:36  [main] 	Control Panel Version: 3.2.3  [ Compiled: Mar 7th 2019 ]
11:54:36  [main] 	You are not running with administrator rights! This will work for
11:54:36  [main] 	most application stuff but whenever you do something with services
11:54:36  [main] 	there will be a security dialogue or things will break! So think 
11:54:36  [main] 	about running this application with administrator rights!
11:54:36  [main] 	XAMPP Installation Directory: "d:\projects\"
11:54:36  [main] 	Checking for prerequisites
11:54:36  [main] 	All prerequisites found
11:54:36  [main] 	Initializing Modules
11:54:36  [main] 	The Mercury module is disabled
11:54:36  [main] 	The Tomcat module is disabled
11:54:36  [main] 	Starting Check-Timer
11:54:36  [main] 	Control Panel Ready
11:54:37  [mysql] 	Attempting to start MySQL app...
11:54:38  [Apache] 	Attempting to start Apache app...
11:54:38  [Apache] 	Status change detected: running
11:54:38  [mysql] 	Status change detected: running
12:59:13  [mysql] 	Attempting to stop MySQL app...
12:59:13  [mysql] 	Status change detected: stopped
12:59:13  [Apache] 	Attempting to stop Apache (PID: 10464)
12:59:13  [Apache] 	Attempting to stop Apache (PID: 10716)
12:59:13  [Apache] 	Status change detected: stopped
23:36:53  [main] 	Deinitializing Modules
23:36:53  [main] 	Deinitializing Control Panel

22:25:18  [main] 	Initializing Control Panel
22:25:18  [main] 	Windows Version:  Home  64-bit
22:25:18  [main] 	XAMPP Version: 5.6.40
22:25:18  [main] 	Control Panel Version: 3.2.3  [ Compiled: Mar 7th 2019 ]
22:25:18  [main] 	You are not running with administrator rights! This will work for
22:25:18  [main] 	most application stuff but whenever you do something with services
22:25:18  [main] 	there will be a security dialogue or things will break! So think 
22:25:18  [main] 	about running this application with administrator rights!
22:25:18  [main] 	XAMPP Installation Directory: "d:\projects\"
22:25:18  [main] 	Checking for prerequisites
22:25:19  [main] 	All prerequisites found
22:25:19  [main] 	Initializing Modules
22:25:19  [main] 	The Mercury module is disabled
22:25:19  [main] 	The Tomcat module is disabled
22:25:19  [main] 	Starting Check-Timer
22:25:19  [main] 	Control Panel Ready
22:25:21  [mysql] 	Attempting to start MySQL app...
22:25:22  [mysql] 	Status change detected: running
22:25:22  [Apache] 	Attempting to start Apache app...
22:25:23  [Apache] 	Status change detected: running
22:42:02  [Apache] 	Attempting to stop Apache (PID: 10016)
22:42:02  [Apache] 	Attempting to stop Apache (PID: 17900)
22:42:02  [Apache] 	Status change detected: stopped
22:42:02  [mysql] 	Attempting to stop MySQL app...
22:42:03  [mysql] 	Status change detected: stopped
23:27:47  [main] 	Deinitializing Modules
23:27:47  [main] 	Deinitializing Control Panel

05:21:45  [main] 	Initializing Control Panel
05:21:45  [main] 	Windows Version:  Home  64-bit
05:21:46  [main] 	XAMPP Version: 5.6.40
05:21:46  [main] 	Control Panel Version: 3.2.3  [ Compiled: Mar 7th 2019 ]
05:21:46  [main] 	You are not running with administrator rights! This will work for
05:21:46  [main] 	most application stuff but whenever you do something with services
05:21:46  [main] 	there will be a security dialogue or things will break! So think 
05:21:46  [main] 	about running this application with administrator rights!
05:21:46  [main] 	XAMPP Installation Directory: "d:\projects\"
05:21:46  [main] 	Checking for prerequisites
05:21:46  [main] 	All prerequisites found
05:21:46  [main] 	Initializing Modules
05:21:46  [main] 	The Mercury module is disabled
05:21:46  [main] 	The Tomcat module is disabled
05:21:46  [main] 	Starting Check-Timer
05:21:46  [main] 	Control Panel Ready
05:21:47  [Apache] 	Attempting to start Apache app...
05:21:48  [Apache] 	Status change detected: running
05:21:48  [mysql] 	Attempting to start MySQL app...
05:21:49  [mysql] 	Status change detected: running
06:38:04  [mysql] 	Attempting to stop MySQL app...
06:38:04  [mysql] 	Status change detected: stopped
06:38:04  [Apache] 	Attempting to stop Apache (PID: 6580)
06:38:04  [Apache] 	Attempting to stop Apache (PID: 12048)
06:38:04  [Apache] 	Status change detected: stopped
06:38:15  [main] 	Deinitializing Modules
06:38:15  [main] 	Deinitializing Control Panel

11:56:53  [main] 	Initializing Control Panel
11:56:53  [main] 	Windows Version:  Home  64-bit
11:56:53  [main] 	XAMPP Version: 5.6.40
11:56:53  [main] 	Control Panel Version: 3.2.3  [ Compiled: Mar 7th 2019 ]
11:56:53  [main] 	You are not running with administrator rights! This will work for
11:56:53  [main] 	most application stuff but whenever you do something with services
11:56:53  [main] 	there will be a security dialogue or things will break! So think 
11:56:53  [main] 	about running this application with administrator rights!
11:56:53  [main] 	XAMPP Installation Directory: "d:\projects\"
11:56:53  [main] 	Checking for prerequisites
11:56:53  [main] 	All prerequisites found
11:56:53  [main] 	Initializing Modules
11:56:53  [main] 	The Mercury module is disabled
11:56:53  [main] 	The Tomcat module is disabled
11:56:53  [main] 	Starting Check-Timer
11:56:53  [main] 	Control Panel Ready
11:56:55  [mysql] 	Attempting to start MySQL app...
11:56:55  [mysql] 	Status change detected: running
11:56:56  [Apache] 	Attempting to start Apache app...
11:56:56  [Apache] 	Status change detected: running
11:59:34  [mysql] 	Attempting to stop MySQL app...
11:59:34  [mysql] 	Status change detected: stopped
11:59:35  [Apache] 	Attempting to stop Apache (PID: 27012)
11:59:35  [Apache] 	Attempting to stop Apache (PID: 27132)
11:59:35  [Apache] 	Status change detected: stopped
17:34:04  [main] 	Deinitializing Modules
17:34:04  [main] 	Deinitializing Control Panel

11:24:12  [main] 	Initializing Control Panel
11:24:12  [main] 	Windows Version:  Home  64-bit
11:24:12  [main] 	XAMPP Version: 5.6.40
11:24:12  [main] 	Control Panel Version: 3.2.3  [ Compiled: Mar 7th 2019 ]
11:24:12  [main] 	You are not running with administrator rights! This will work for
11:24:12  [main] 	most application stuff but whenever you do something with services
11:24:12  [main] 	there will be a security dialogue or things will break! So think 
11:24:12  [main] 	about running this application with administrator rights!
11:24:12  [main] 	XAMPP Installation Directory: "d:\projects\"
11:24:12  [main] 	Checking for prerequisites
11:24:12  [main] 	All prerequisites found
11:24:12  [main] 	Initializing Modules
11:24:12  [main] 	The Mercury module is disabled
11:24:12  [main] 	The Tomcat module is disabled
11:24:12  [main] 	Starting Check-Timer
11:24:12  [main] 	Control Panel Ready
11:24:15  [mysql] 	Attempting to start MySQL app...
11:24:15  [mysql] 	Status change detected: running
11:24:16  [Apache] 	Attempting to start Apache app...
11:24:16  [Apache] 	Status change detected: running
11:18:53  [mysql] 	Attempting to stop MySQL app...
11:18:53  [mysql] 	Status change detected: stopped
11:18:54  [Apache] 	Attempting to stop Apache (PID: 27424)
11:18:54  [Apache] 	Attempting to stop Apache (PID: 27032)
11:18:54  [Apache] 	Status change detected: stopped
11:27:45  [main] 	Deinitializing Modules
11:27:45  [main] 	Deinitializing Control Panel

13:34:28  [main] 	Initializing Control Panel
13:34:28  [main] 	Windows Version:  Home  64-bit
13:34:28  [main] 	XAMPP Version: 5.6.40
13:34:28  [main] 	Control Panel Version: 3.2.3  [ Compiled: Mar 7th 2019 ]
13:34:28  [main] 	You are not running with administrator rights! This will work for
13:34:28  [main] 	most application stuff but whenever you do something with services
13:34:28  [main] 	there will be a security dialogue or things will break! So think 
13:34:28  [main] 	about running this application with administrator rights!
13:34:28  [main] 	XAMPP Installation Directory: "d:\projects\"
13:34:28  [main] 	Checking for prerequisites
13:34:28  [main] 	All prerequisites found
13:34:28  [main] 	Initializing Modules
13:34:28  [main] 	The Mercury module is disabled
13:34:28  [main] 	The Tomcat module is disabled
13:34:28  [main] 	Starting Check-Timer
13:34:28  [main] 	Control Panel Ready
13:34:30  [mysql] 	Attempting to start MySQL app...
13:34:31  [Apache] 	Attempting to start Apache app...
13:34:31  [Apache] 	Status change detected: running
13:34:31  [mysql] 	Status change detected: running
18:44:11  [main] 	Deinitializing Modules
18:44:11  [main] 	Deinitializing Control Panel

